[08-Jul-2021 16:35:56 UTC] PHP Parse error:  syntax error, unexpected 'endif' (T_ENDIF), expecting end of file in /Applications/MAMP/htdocs/reno-power/wp-content/themes/Reno Power/templates/template-home.php on line 59
[08-Jul-2021 16:36:00 UTC] PHP Parse error:  syntax error, unexpected 'endif' (T_ENDIF), expecting end of file in /Applications/MAMP/htdocs/reno-power/wp-content/themes/Reno Power/templates/template-home.php on line 59
[08-Jul-2021 16:36:35 UTC] PHP Fatal error:  Uncaught Error: Call to undefined function about_content() in /Applications/MAMP/htdocs/reno-power/wp-content/themes/Reno Power/templates/template-home.php:48
Stack trace:
#0 /Applications/MAMP/htdocs/reno-power/wp-includes/template-loader.php(106): include()
#1 /Applications/MAMP/htdocs/reno-power/wp-blog-header.php(19): require_once('/Applications/M...')
#2 /Applications/MAMP/htdocs/reno-power/index.php(17): require('/Applications/M...')
#3 {main}
  thrown in /Applications/MAMP/htdocs/reno-power/wp-content/themes/Reno Power/templates/template-home.php on line 48
[08-Jul-2021 16:37:03 UTC] PHP Parse error:  syntax error, unexpected 'endif' (T_ENDIF), expecting end of file in /Applications/MAMP/htdocs/reno-power/wp-content/themes/Reno Power/templates/template-home.php on line 59
[08-Jul-2021 16:46:28 UTC] PHP Fatal error:  Uncaught Error: Call to undefined function about_content() in /Applications/MAMP/htdocs/reno-power/wp-content/themes/Reno Power/templates/template-home.php:48
Stack trace:
#0 /Applications/MAMP/htdocs/reno-power/wp-includes/template-loader.php(106): include()
#1 /Applications/MAMP/htdocs/reno-power/wp-blog-header.php(19): require_once('/Applications/M...')
#2 /Applications/MAMP/htdocs/reno-power/index.php(17): require('/Applications/M...')
#3 {main}
  thrown in /Applications/MAMP/htdocs/reno-power/wp-content/themes/Reno Power/templates/template-home.php on line 48
[08-Jul-2021 16:46:35 UTC] PHP Fatal error:  Uncaught Error: Call to undefined function about_content() in /Applications/MAMP/htdocs/reno-power/wp-content/themes/Reno Power/templates/template-home.php:48
Stack trace:
#0 /Applications/MAMP/htdocs/reno-power/wp-includes/template-loader.php(106): include()
#1 /Applications/MAMP/htdocs/reno-power/wp-blog-header.php(19): require_once('/Applications/M...')
#2 /Applications/MAMP/htdocs/reno-power/index.php(17): require('/Applications/M...')
#3 {main}
  thrown in /Applications/MAMP/htdocs/reno-power/wp-content/themes/Reno Power/templates/template-home.php on line 48
[08-Jul-2021 16:52:39 UTC] PHP Parse error:  syntax error, unexpected end of file, expecting elseif (T_ELSEIF) or else (T_ELSE) or endif (T_ENDIF) in /Applications/MAMP/htdocs/reno-power/wp-content/themes/Reno Power/templates/template-home.php on line 261
[08-Jul-2021 16:52:54 UTC] PHP Parse error:  syntax error, unexpected end of file, expecting elseif (T_ELSEIF) or else (T_ELSE) or endif (T_ENDIF) in /Applications/MAMP/htdocs/reno-power/wp-content/themes/Reno Power/templates/template-home.php on line 258
[08-Jul-2021 16:56:11 UTC] PHP Parse error:  syntax error, unexpected end of file, expecting elseif (T_ELSEIF) or else (T_ELSE) or endif (T_ENDIF) in /Applications/MAMP/htdocs/reno-power/wp-content/themes/Reno Power/templates/template-home.php on line 258
[08-Jul-2021 16:57:12 UTC] PHP Parse error:  syntax error, unexpected end of file, expecting elseif (T_ELSEIF) or else (T_ELSE) or endif (T_ENDIF) in /Applications/MAMP/htdocs/reno-power/wp-content/themes/Reno Power/templates/template-home.php on line 258
[08-Jul-2021 16:57:41 UTC] PHP Parse error:  syntax error, unexpected end of file, expecting elseif (T_ELSEIF) or else (T_ELSE) or endif (T_ENDIF) in /Applications/MAMP/htdocs/reno-power/wp-content/themes/Reno Power/templates/template-home.php on line 255
[08-Jul-2021 16:57:44 UTC] PHP Parse error:  syntax error, unexpected end of file, expecting elseif (T_ELSEIF) or else (T_ELSE) or endif (T_ENDIF) in /Applications/MAMP/htdocs/reno-power/wp-content/themes/Reno Power/templates/template-home.php on line 255
[08-Jul-2021 16:58:53 UTC] PHP Parse error:  syntax error, unexpected end of file, expecting elseif (T_ELSEIF) or else (T_ELSE) or endif (T_ENDIF) in /Applications/MAMP/htdocs/reno-power/wp-content/themes/Reno Power/templates/template-home.php on line 232
[08-Jul-2021 16:59:11 UTC] PHP Parse error:  syntax error, unexpected end of file, expecting elseif (T_ELSEIF) or else (T_ELSE) or endif (T_ENDIF) in /Applications/MAMP/htdocs/reno-power/wp-content/themes/Reno Power/templates/template-home.php on line 237
[08-Jul-2021 16:59:16 UTC] PHP Parse error:  syntax error, unexpected end of file, expecting elseif (T_ELSEIF) or else (T_ELSE) or endif (T_ENDIF) in /Applications/MAMP/htdocs/reno-power/wp-content/themes/Reno Power/templates/template-home.php on line 237
[08-Jul-2021 17:00:38 UTC] PHP Parse error:  syntax error, unexpected end of file, expecting elseif (T_ELSEIF) or else (T_ELSE) or endif (T_ENDIF) in /Applications/MAMP/htdocs/reno-power/wp-content/themes/Reno Power/templates/template-home.php on line 253
[08-Jul-2021 17:01:21 UTC] PHP Parse error:  syntax error, unexpected end of file, expecting elseif (T_ELSEIF) or else (T_ELSE) or endif (T_ENDIF) in /Applications/MAMP/htdocs/reno-power/wp-content/themes/Reno Power/templates/template-home.php on line 253
[08-Jul-2021 17:01:26 UTC] PHP Parse error:  syntax error, unexpected end of file, expecting elseif (T_ELSEIF) or else (T_ELSE) or endif (T_ENDIF) in /Applications/MAMP/htdocs/reno-power/wp-content/themes/Reno Power/templates/template-home.php on line 253
[09-Jul-2021 13:03:04 UTC] PHP Parse error:  syntax error, unexpected end of file, expecting elseif (T_ELSEIF) or else (T_ELSE) or endif (T_ENDIF) in /Applications/MAMP/htdocs/reno-power/wp-content/themes/Reno Power/templates/template-home.php on line 252
[09-Jul-2021 13:03:06 UTC] PHP Parse error:  syntax error, unexpected end of file, expecting elseif (T_ELSEIF) or else (T_ELSE) or endif (T_ENDIF) in /Applications/MAMP/htdocs/reno-power/wp-content/themes/Reno Power/templates/template-home.php on line 252
[10-Jul-2021 16:36:31 UTC] PHP Warning:  An unexpected error occurred. Something may be wrong with WordPress.org or this server&#8217;s configuration. If you continue to have problems, please try the <a href="https://wordpress.org/support/forums/">support forums</a>. (WordPress could not establish a secure connection to WordPress.org. Please contact your server administrator.) in /Applications/MAMP/htdocs/reno-power/wp-includes/update.php on line 410
[12-Jul-2021 07:13:12 UTC] PHP Warning:  Illegal string offset 'url' in /Applications/MAMP/htdocs/reno-power/wp-content/themes/Reno Power/templates/template-home.php on line 173
[12-Jul-2021 07:13:12 UTC] PHP Warning:  Illegal string offset 'alt' in /Applications/MAMP/htdocs/reno-power/wp-content/themes/Reno Power/templates/template-home.php on line 173
[12-Jul-2021 07:13:12 UTC] PHP Warning:  Illegal string offset 'url' in /Applications/MAMP/htdocs/reno-power/wp-content/themes/Reno Power/templates/template-home.php on line 185
[12-Jul-2021 07:13:12 UTC] PHP Warning:  Illegal string offset 'alt' in /Applications/MAMP/htdocs/reno-power/wp-content/themes/Reno Power/templates/template-home.php on line 185
[12-Jul-2021 07:13:12 UTC] PHP Warning:  Illegal string offset 'url' in /Applications/MAMP/htdocs/reno-power/wp-content/themes/Reno Power/templates/template-home.php on line 173
[12-Jul-2021 07:13:12 UTC] PHP Warning:  Illegal string offset 'alt' in /Applications/MAMP/htdocs/reno-power/wp-content/themes/Reno Power/templates/template-home.php on line 173
[12-Jul-2021 07:13:12 UTC] PHP Warning:  Illegal string offset 'url' in /Applications/MAMP/htdocs/reno-power/wp-content/themes/Reno Power/templates/template-home.php on line 185
[12-Jul-2021 07:13:12 UTC] PHP Warning:  Illegal string offset 'alt' in /Applications/MAMP/htdocs/reno-power/wp-content/themes/Reno Power/templates/template-home.php on line 185
[12-Jul-2021 07:13:12 UTC] PHP Warning:  Illegal string offset 'url' in /Applications/MAMP/htdocs/reno-power/wp-content/themes/Reno Power/templates/template-home.php on line 173
[12-Jul-2021 07:13:12 UTC] PHP Warning:  Illegal string offset 'alt' in /Applications/MAMP/htdocs/reno-power/wp-content/themes/Reno Power/templates/template-home.php on line 173
[12-Jul-2021 07:13:12 UTC] PHP Warning:  Illegal string offset 'url' in /Applications/MAMP/htdocs/reno-power/wp-content/themes/Reno Power/templates/template-home.php on line 185
[12-Jul-2021 07:13:12 UTC] PHP Warning:  Illegal string offset 'alt' in /Applications/MAMP/htdocs/reno-power/wp-content/themes/Reno Power/templates/template-home.php on line 185
[12-Jul-2021 07:13:12 UTC] PHP Warning:  Illegal string offset 'url' in /Applications/MAMP/htdocs/reno-power/wp-content/themes/Reno Power/templates/template-home.php on line 173
[12-Jul-2021 07:13:12 UTC] PHP Warning:  Illegal string offset 'alt' in /Applications/MAMP/htdocs/reno-power/wp-content/themes/Reno Power/templates/template-home.php on line 173
[12-Jul-2021 07:13:12 UTC] PHP Warning:  Illegal string offset 'url' in /Applications/MAMP/htdocs/reno-power/wp-content/themes/Reno Power/templates/template-home.php on line 185
[12-Jul-2021 07:13:12 UTC] PHP Warning:  Illegal string offset 'alt' in /Applications/MAMP/htdocs/reno-power/wp-content/themes/Reno Power/templates/template-home.php on line 185
[12-Jul-2021 07:13:12 UTC] PHP Warning:  Illegal string offset 'url' in /Applications/MAMP/htdocs/reno-power/wp-content/themes/Reno Power/templates/template-home.php on line 201
[12-Jul-2021 07:13:12 UTC] PHP Warning:  Illegal string offset 'alt' in /Applications/MAMP/htdocs/reno-power/wp-content/themes/Reno Power/templates/template-home.php on line 201
[12-Jul-2021 07:20:38 UTC] PHP Warning:  An unexpected error occurred. Something may be wrong with WordPress.org or this server&#8217;s configuration. If you continue to have problems, please try the <a href="https://wordpress.org/support/forums/">support forums</a>. (WordPress could not establish a secure connection to WordPress.org. Please contact your server administrator.) in /Applications/MAMP/htdocs/reno-power/wp-includes/update.php on line 410
[12-Jul-2021 07:21:16 UTC] PHP Warning:  Illegal string offset 'url' in /Applications/MAMP/htdocs/reno-power/wp-content/themes/Reno Power/templates/template-home.php on line 173
[12-Jul-2021 07:21:16 UTC] PHP Warning:  Illegal string offset 'alt' in /Applications/MAMP/htdocs/reno-power/wp-content/themes/Reno Power/templates/template-home.php on line 173
[12-Jul-2021 07:21:16 UTC] PHP Warning:  Illegal string offset 'url' in /Applications/MAMP/htdocs/reno-power/wp-content/themes/Reno Power/templates/template-home.php on line 185
[12-Jul-2021 07:21:16 UTC] PHP Warning:  Illegal string offset 'alt' in /Applications/MAMP/htdocs/reno-power/wp-content/themes/Reno Power/templates/template-home.php on line 185
[12-Jul-2021 07:21:16 UTC] PHP Warning:  Illegal string offset 'url' in /Applications/MAMP/htdocs/reno-power/wp-content/themes/Reno Power/templates/template-home.php on line 173
[12-Jul-2021 07:21:16 UTC] PHP Warning:  Illegal string offset 'alt' in /Applications/MAMP/htdocs/reno-power/wp-content/themes/Reno Power/templates/template-home.php on line 173
[12-Jul-2021 07:21:16 UTC] PHP Warning:  Illegal string offset 'url' in /Applications/MAMP/htdocs/reno-power/wp-content/themes/Reno Power/templates/template-home.php on line 185
[12-Jul-2021 07:21:16 UTC] PHP Warning:  Illegal string offset 'alt' in /Applications/MAMP/htdocs/reno-power/wp-content/themes/Reno Power/templates/template-home.php on line 185
[12-Jul-2021 07:21:16 UTC] PHP Warning:  Illegal string offset 'url' in /Applications/MAMP/htdocs/reno-power/wp-content/themes/Reno Power/templates/template-home.php on line 173
[12-Jul-2021 07:21:16 UTC] PHP Warning:  Illegal string offset 'alt' in /Applications/MAMP/htdocs/reno-power/wp-content/themes/Reno Power/templates/template-home.php on line 173
[12-Jul-2021 07:21:16 UTC] PHP Warning:  Illegal string offset 'url' in /Applications/MAMP/htdocs/reno-power/wp-content/themes/Reno Power/templates/template-home.php on line 185
[12-Jul-2021 07:21:16 UTC] PHP Warning:  Illegal string offset 'alt' in /Applications/MAMP/htdocs/reno-power/wp-content/themes/Reno Power/templates/template-home.php on line 185
[12-Jul-2021 07:21:16 UTC] PHP Warning:  Illegal string offset 'url' in /Applications/MAMP/htdocs/reno-power/wp-content/themes/Reno Power/templates/template-home.php on line 173
[12-Jul-2021 07:21:16 UTC] PHP Warning:  Illegal string offset 'alt' in /Applications/MAMP/htdocs/reno-power/wp-content/themes/Reno Power/templates/template-home.php on line 173
[12-Jul-2021 07:21:16 UTC] PHP Warning:  Illegal string offset 'url' in /Applications/MAMP/htdocs/reno-power/wp-content/themes/Reno Power/templates/template-home.php on line 185
[12-Jul-2021 07:21:16 UTC] PHP Warning:  Illegal string offset 'alt' in /Applications/MAMP/htdocs/reno-power/wp-content/themes/Reno Power/templates/template-home.php on line 185
[12-Jul-2021 07:21:16 UTC] PHP Warning:  Illegal string offset 'url' in /Applications/MAMP/htdocs/reno-power/wp-content/themes/Reno Power/templates/template-home.php on line 201
[12-Jul-2021 07:21:16 UTC] PHP Warning:  Illegal string offset 'alt' in /Applications/MAMP/htdocs/reno-power/wp-content/themes/Reno Power/templates/template-home.php on line 201
[12-Jul-2021 07:28:33 UTC] PHP Warning:  Illegal string offset 'url' in /Applications/MAMP/htdocs/reno-power/wp-content/themes/Reno Power/templates/template-home.php on line 173
[12-Jul-2021 07:28:33 UTC] PHP Warning:  Illegal string offset 'alt' in /Applications/MAMP/htdocs/reno-power/wp-content/themes/Reno Power/templates/template-home.php on line 173
[12-Jul-2021 07:28:33 UTC] PHP Warning:  Illegal string offset 'url' in /Applications/MAMP/htdocs/reno-power/wp-content/themes/Reno Power/templates/template-home.php on line 185
[12-Jul-2021 07:28:33 UTC] PHP Warning:  Illegal string offset 'alt' in /Applications/MAMP/htdocs/reno-power/wp-content/themes/Reno Power/templates/template-home.php on line 185
[12-Jul-2021 07:28:33 UTC] PHP Warning:  Illegal string offset 'url' in /Applications/MAMP/htdocs/reno-power/wp-content/themes/Reno Power/templates/template-home.php on line 173
[12-Jul-2021 07:28:33 UTC] PHP Warning:  Illegal string offset 'alt' in /Applications/MAMP/htdocs/reno-power/wp-content/themes/Reno Power/templates/template-home.php on line 173
[12-Jul-2021 07:28:33 UTC] PHP Warning:  Illegal string offset 'url' in /Applications/MAMP/htdocs/reno-power/wp-content/themes/Reno Power/templates/template-home.php on line 185
[12-Jul-2021 07:28:33 UTC] PHP Warning:  Illegal string offset 'alt' in /Applications/MAMP/htdocs/reno-power/wp-content/themes/Reno Power/templates/template-home.php on line 185
[12-Jul-2021 07:28:33 UTC] PHP Warning:  Illegal string offset 'url' in /Applications/MAMP/htdocs/reno-power/wp-content/themes/Reno Power/templates/template-home.php on line 173
[12-Jul-2021 07:28:33 UTC] PHP Warning:  Illegal string offset 'alt' in /Applications/MAMP/htdocs/reno-power/wp-content/themes/Reno Power/templates/template-home.php on line 173
[12-Jul-2021 07:28:33 UTC] PHP Warning:  Illegal string offset 'url' in /Applications/MAMP/htdocs/reno-power/wp-content/themes/Reno Power/templates/template-home.php on line 185
[12-Jul-2021 07:28:33 UTC] PHP Warning:  Illegal string offset 'alt' in /Applications/MAMP/htdocs/reno-power/wp-content/themes/Reno Power/templates/template-home.php on line 185
[12-Jul-2021 07:28:33 UTC] PHP Warning:  Illegal string offset 'url' in /Applications/MAMP/htdocs/reno-power/wp-content/themes/Reno Power/templates/template-home.php on line 173
[12-Jul-2021 07:28:33 UTC] PHP Warning:  Illegal string offset 'alt' in /Applications/MAMP/htdocs/reno-power/wp-content/themes/Reno Power/templates/template-home.php on line 173
[12-Jul-2021 07:28:33 UTC] PHP Warning:  Illegal string offset 'url' in /Applications/MAMP/htdocs/reno-power/wp-content/themes/Reno Power/templates/template-home.php on line 185
[12-Jul-2021 07:28:33 UTC] PHP Warning:  Illegal string offset 'alt' in /Applications/MAMP/htdocs/reno-power/wp-content/themes/Reno Power/templates/template-home.php on line 185
[12-Jul-2021 07:28:33 UTC] PHP Warning:  Illegal string offset 'url' in /Applications/MAMP/htdocs/reno-power/wp-content/themes/Reno Power/templates/template-home.php on line 201
[12-Jul-2021 07:28:33 UTC] PHP Warning:  Illegal string offset 'alt' in /Applications/MAMP/htdocs/reno-power/wp-content/themes/Reno Power/templates/template-home.php on line 201
[13-Jul-2021 15:53:07 UTC] PHP Notice:  Trying to access array offset on value of type bool in /Applications/MAMP/htdocs/reno-power/wp-content/themes/Reno Power/header.php on line 47
[13-Jul-2021 15:53:07 UTC] PHP Notice:  Trying to access array offset on value of type bool in /Applications/MAMP/htdocs/reno-power/wp-content/themes/Reno Power/header.php on line 47
[13-Jul-2021 15:55:26 UTC] PHP Notice:  Trying to access array offset on value of type bool in /Applications/MAMP/htdocs/reno-power/wp-content/themes/Reno Power/header.php on line 47
[13-Jul-2021 15:55:26 UTC] PHP Notice:  Trying to access array offset on value of type bool in /Applications/MAMP/htdocs/reno-power/wp-content/themes/Reno Power/header.php on line 47
[13-Jul-2021 15:55:37 UTC] PHP Notice:  Trying to access array offset on value of type bool in /Applications/MAMP/htdocs/reno-power/wp-content/themes/Reno Power/header.php on line 47
[13-Jul-2021 15:55:37 UTC] PHP Notice:  Trying to access array offset on value of type bool in /Applications/MAMP/htdocs/reno-power/wp-content/themes/Reno Power/header.php on line 47
[13-Jul-2021 15:55:37 UTC] PHP Notice:  Trying to access array offset on value of type bool in /Applications/MAMP/htdocs/reno-power/wp-content/themes/Reno Power/header.php on line 47
[13-Jul-2021 15:55:38 UTC] PHP Notice:  Trying to access array offset on value of type bool in /Applications/MAMP/htdocs/reno-power/wp-content/themes/Reno Power/header.php on line 47
[13-Jul-2021 16:18:58 UTC] PHP Notice:  Trying to access array offset on value of type bool in /Applications/MAMP/htdocs/reno-power/wp-content/themes/Reno Power/header.php on line 47
[13-Jul-2021 16:18:58 UTC] PHP Notice:  Trying to access array offset on value of type bool in /Applications/MAMP/htdocs/reno-power/wp-content/themes/Reno Power/header.php on line 47
[13-Jul-2021 16:19:09 UTC] PHP Notice:  Trying to access array offset on value of type bool in /Applications/MAMP/htdocs/reno-power/wp-content/themes/Reno Power/header.php on line 47
[13-Jul-2021 16:19:09 UTC] PHP Notice:  Trying to access array offset on value of type bool in /Applications/MAMP/htdocs/reno-power/wp-content/themes/Reno Power/header.php on line 47
[13-Jul-2021 16:19:21 UTC] PHP Notice:  Trying to access array offset on value of type bool in /Applications/MAMP/htdocs/reno-power/wp-content/themes/Reno Power/header.php on line 47
[13-Jul-2021 16:19:21 UTC] PHP Notice:  Trying to access array offset on value of type bool in /Applications/MAMP/htdocs/reno-power/wp-content/themes/Reno Power/header.php on line 47
[13-Jul-2021 16:20:16 UTC] PHP Notice:  Trying to access array offset on value of type bool in /Applications/MAMP/htdocs/reno-power/wp-content/themes/Reno Power/header.php on line 47
[13-Jul-2021 16:20:16 UTC] PHP Notice:  Trying to access array offset on value of type bool in /Applications/MAMP/htdocs/reno-power/wp-content/themes/Reno Power/header.php on line 47
[13-Jul-2021 16:21:28 UTC] PHP Notice:  Undefined variable: logo in /Applications/MAMP/htdocs/reno-power/wp-content/themes/Reno Power/header.php on line 46
[13-Jul-2021 16:21:28 UTC] PHP Notice:  Trying to access array offset on value of type null in /Applications/MAMP/htdocs/reno-power/wp-content/themes/Reno Power/header.php on line 46
[13-Jul-2021 16:21:28 UTC] PHP Notice:  Undefined variable: logo in /Applications/MAMP/htdocs/reno-power/wp-content/themes/Reno Power/header.php on line 46
[13-Jul-2021 16:21:28 UTC] PHP Notice:  Trying to access array offset on value of type null in /Applications/MAMP/htdocs/reno-power/wp-content/themes/Reno Power/header.php on line 46
[17-Jul-2021 04:35:22 UTC] PHP Warning:  An unexpected error occurred. Something may be wrong with WordPress.org or this server&#8217;s configuration. If you continue to have problems, please try the <a href="https://wordpress.org/support/forums/">support forums</a>. (WordPress could not establish a secure connection to WordPress.org. Please contact your server administrator.) in /Applications/MAMP/htdocs/reno-power/wp-admin/includes/update.php on line 143
[21-Jul-2021 09:11:36 UTC] WordPress database error Table 'sky101.wp_options' doesn't exist for query INSERT INTO `wp_options` (`option_name`, `option_value`, `autoload`) VALUES ('nonce_key', ')uv+;6#hep(SA?QS-z+QLc*z_zmFH8GM[dJV[BaVbuiznO@t2+wOWt},FP)0aW5/', 'no') ON DUPLICATE KEY UPDATE `option_name` = VALUES(`option_name`), `option_value` = VALUES(`option_value`), `autoload` = VALUES(`autoload`) made by wp_print_scripts, wp_scripts, WP_Scripts->__construct, WP_Scripts->init, do_action_ref_array('wp_default_scripts'), WP_Hook->do_action, WP_Hook->apply_filters, wp_default_scripts, wp_create_nonce, wp_hash, wp_salt, update_site_option, update_network_option, add_network_option, add_option
[21-Jul-2021 09:11:36 UTC] WordPress database error Table 'sky101.wp_options' doesn't exist for query INSERT INTO `wp_options` (`option_name`, `option_value`, `autoload`) VALUES ('nonce_salt', '}*g@ S=aHGS ;T}d8Vz}0&c]Nv)<^E`b&#{iQ}aRt4uPQLv[|yz;hXkU[}u{|{s>', 'no') ON DUPLICATE KEY UPDATE `option_name` = VALUES(`option_name`), `option_value` = VALUES(`option_value`), `autoload` = VALUES(`autoload`) made by wp_print_scripts, wp_scripts, WP_Scripts->__construct, WP_Scripts->init, do_action_ref_array('wp_default_scripts'), WP_Hook->do_action, WP_Hook->apply_filters, wp_default_scripts, wp_create_nonce, wp_hash, wp_salt, update_site_option, update_network_option, add_network_option, add_option
[21-Jul-2021 09:12:11 UTC] WordPress database error Table 'sky101.wp_options' doesn't exist for query INSERT INTO `wp_options` (`option_name`, `option_value`, `autoload`) VALUES ('nonce_key', '((h*o6L=gVHKhT+YNf)aUVuxP?9gRG}j)BdFlv(!<teQq~s*EMLiR$Pg(#dc:t3H', 'no') ON DUPLICATE KEY UPDATE `option_name` = VALUES(`option_name`), `option_value` = VALUES(`option_value`), `autoload` = VALUES(`autoload`) made by wp_print_scripts, wp_scripts, WP_Scripts->__construct, WP_Scripts->init, do_action_ref_array('wp_default_scripts'), WP_Hook->do_action, WP_Hook->apply_filters, wp_default_scripts, wp_create_nonce, wp_hash, wp_salt, update_site_option, update_network_option, add_network_option, add_option
[21-Jul-2021 09:12:11 UTC] WordPress database error Table 'sky101.wp_options' doesn't exist for query INSERT INTO `wp_options` (`option_name`, `option_value`, `autoload`) VALUES ('nonce_salt', 'A/WpWYz_x2No0TR yZ<?:%i12?RIf0@;wK^!C#o5Jo$=~v#LbJ![.[6w97}:W!vb', 'no') ON DUPLICATE KEY UPDATE `option_name` = VALUES(`option_name`), `option_value` = VALUES(`option_value`), `autoload` = VALUES(`autoload`) made by wp_print_scripts, wp_scripts, WP_Scripts->__construct, WP_Scripts->init, do_action_ref_array('wp_default_scripts'), WP_Hook->do_action, WP_Hook->apply_filters, wp_default_scripts, wp_create_nonce, wp_hash, wp_salt, update_site_option, update_network_option, add_network_option, add_option
[21-Jul-2021 09:13:41 UTC] PHP Warning:  An unexpected error occurred. Something may be wrong with WordPress.org or this server&#8217;s configuration. If you continue to have problems, please try the <a href="https://wordpress.org/support/forums/">support forums</a>. (WordPress could not establish a secure connection to WordPress.org. Please contact your server administrator.) in /Applications/MAMP/htdocs/Sky101/wp-admin/includes/translation-install.php on line 68
[21-Jul-2021 09:13:43 UTC] WordPress database error Table 'sky101.sky101_options' doesn't exist for query INSERT INTO `Sky101_options` (`option_name`, `option_value`, `autoload`) VALUES ('nonce_key', '~=_E19frMPoQIn!`2K$LY:xMF5J[hiQh*92w+}.k1ch>4V%i)5+lX6)|=X(}aR42', 'no') ON DUPLICATE KEY UPDATE `option_name` = VALUES(`option_name`), `option_value` = VALUES(`option_value`), `autoload` = VALUES(`autoload`) made by wp_print_scripts, wp_scripts, WP_Scripts->__construct, WP_Scripts->init, do_action_ref_array('wp_default_scripts'), WP_Hook->do_action, WP_Hook->apply_filters, wp_default_scripts, wp_create_nonce, wp_hash, wp_salt, update_site_option, update_network_option, add_network_option, add_option
[21-Jul-2021 09:13:43 UTC] WordPress database error Table 'sky101.sky101_options' doesn't exist for query INSERT INTO `Sky101_options` (`option_name`, `option_value`, `autoload`) VALUES ('nonce_salt', 's;8,3Mxgw5QYoil(Q6g#~J>}XGEb!rW!?1NZ8*.DI0NHJ9/P%C3ng5O~~nG`tGUZ', 'no') ON DUPLICATE KEY UPDATE `option_name` = VALUES(`option_name`), `option_value` = VALUES(`option_value`), `autoload` = VALUES(`autoload`) made by wp_print_scripts, wp_scripts, WP_Scripts->__construct, WP_Scripts->init, do_action_ref_array('wp_default_scripts'), WP_Hook->do_action, WP_Hook->apply_filters, wp_default_scripts, wp_create_nonce, wp_hash, wp_salt, update_site_option, update_network_option, add_network_option, add_option
[21-Jul-2021 09:14:45 UTC] WordPress database error Table 'sky101.sky101_options' doesn't exist for query INSERT INTO `Sky101_options` (`option_name`, `option_value`, `autoload`) VALUES ('nonce_key', '_o(I0GX|U$fiM5eKhIa`c3w7mG^sB6&I2Nt]%[NDEY9$}:yzRr4W[NP-VD(WAjMt', 'no') ON DUPLICATE KEY UPDATE `option_name` = VALUES(`option_name`), `option_value` = VALUES(`option_value`), `autoload` = VALUES(`autoload`) made by wp_print_scripts, wp_scripts, WP_Scripts->__construct, WP_Scripts->init, do_action_ref_array('wp_default_scripts'), WP_Hook->do_action, WP_Hook->apply_filters, wp_default_scripts, wp_create_nonce, wp_hash, wp_salt, update_site_option, update_network_option, add_network_option, add_option
[21-Jul-2021 09:14:45 UTC] WordPress database error Table 'sky101.sky101_options' doesn't exist for query INSERT INTO `Sky101_options` (`option_name`, `option_value`, `autoload`) VALUES ('nonce_salt', 'AJbX<|b~kcg;,V^vC~H&vC=j}Z~ElACQy++#Ah8Ejr`+`J<Ke{X)E;| k(E?3R*]', 'no') ON DUPLICATE KEY UPDATE `option_name` = VALUES(`option_name`), `option_value` = VALUES(`option_value`), `autoload` = VALUES(`autoload`) made by wp_print_scripts, wp_scripts, WP_Scripts->__construct, WP_Scripts->init, do_action_ref_array('wp_default_scripts'), WP_Hook->do_action, WP_Hook->apply_filters, wp_default_scripts, wp_create_nonce, wp_hash, wp_salt, update_site_option, update_network_option, add_network_option, add_option
[21-Jul-2021 09:14:47 UTC] WordPress database error Table 'sky101.sky101_options' doesn't exist for query INSERT INTO `Sky101_options` (`option_name`, `option_value`, `autoload`) VALUES ('nonce_key', 'TNZxF_]A3(yTuMl;N}9O%byE:`d)YbCAoa}{Q0p2e~-hDN7`<kpag`21;QH@xXi2', 'no') ON DUPLICATE KEY UPDATE `option_name` = VALUES(`option_name`), `option_value` = VALUES(`option_value`), `autoload` = VALUES(`autoload`) made by wp_print_scripts, wp_scripts, WP_Scripts->__construct, WP_Scripts->init, do_action_ref_array('wp_default_scripts'), WP_Hook->do_action, WP_Hook->apply_filters, wp_default_scripts, wp_create_nonce, wp_hash, wp_salt, update_site_option, update_network_option, add_network_option, add_option
[21-Jul-2021 09:14:47 UTC] WordPress database error Table 'sky101.sky101_options' doesn't exist for query INSERT INTO `Sky101_options` (`option_name`, `option_value`, `autoload`) VALUES ('nonce_salt', 'b>{cw6v{W^`EMkX>F7+69+I{v^?>+]WNj{E[H6U!1o}Eb/U8?+fb&<+@mPilj|7G', 'no') ON DUPLICATE KEY UPDATE `option_name` = VALUES(`option_name`), `option_value` = VALUES(`option_value`), `autoload` = VALUES(`autoload`) made by wp_print_scripts, wp_scripts, WP_Scripts->__construct, WP_Scripts->init, do_action_ref_array('wp_default_scripts'), WP_Hook->do_action, WP_Hook->apply_filters, wp_default_scripts, wp_create_nonce, wp_hash, wp_salt, update_site_option, update_network_option, add_network_option, add_option
[21-Jul-2021 09:14:49 UTC] WordPress database error Table 'sky101.sky101_options' doesn't exist for query INSERT INTO `Sky101_options` (`option_name`, `option_value`, `autoload`) VALUES ('nonce_key', 'O+3e1d|OfuvrN$e_v{{]~MZF(u=K?:@h[Hlek|Y3x{H5]Pqb_y$9w=W#+rW=he G', 'no') ON DUPLICATE KEY UPDATE `option_name` = VALUES(`option_name`), `option_value` = VALUES(`option_value`), `autoload` = VALUES(`autoload`) made by wp_print_scripts, wp_scripts, WP_Scripts->__construct, WP_Scripts->init, do_action_ref_array('wp_default_scripts'), WP_Hook->do_action, WP_Hook->apply_filters, wp_default_scripts, wp_create_nonce, wp_hash, wp_salt, update_site_option, update_network_option, add_network_option, add_option
[21-Jul-2021 09:14:49 UTC] WordPress database error Table 'sky101.sky101_options' doesn't exist for query INSERT INTO `Sky101_options` (`option_name`, `option_value`, `autoload`) VALUES ('nonce_salt', 'tYXYl,i.iKWcOM`A~3e4}UXftq3)X[XJ;}:sefL3KDhMf0-BF4;)/Iowk8B,7Qpp', 'no') ON DUPLICATE KEY UPDATE `option_name` = VALUES(`option_name`), `option_value` = VALUES(`option_value`), `autoload` = VALUES(`autoload`) made by wp_print_scripts, wp_scripts, WP_Scripts->__construct, WP_Scripts->init, do_action_ref_array('wp_default_scripts'), WP_Hook->do_action, WP_Hook->apply_filters, wp_default_scripts, wp_create_nonce, wp_hash, wp_salt, update_site_option, update_network_option, add_network_option, add_option
